[2025-05-13 11:55:23.562045] Loading metadata
[2025-05-13 11:55:23.639398] Encoding labels
[2025-05-13 12:07:03.179198] Loading metadata
[2025-05-13 12:07:03.203339] Encoding labels
[2025-05-13 12:07:03.207588] Training set: 4000 samples
[2025-05-13 12:07:03.209609] Testing set: 500 samples
[2025-05-13 12:07:03.211350] Preparing datasets...
[2025-05-13 12:07:03.213260] Extracting features from 4000 files...
[2025-05-13 12:07:03.215274] Processed 0/4000 files
[2025-05-13 12:07:14.727611] Processed 100/4000 files
[2025-05-13 12:07:15.224218] Processed 200/4000 files
[2025-05-13 12:07:15.720868] Processed 300/4000 files
[2025-05-13 12:07:16.232022] Processed 400/4000 files
[2025-05-13 12:07:16.725597] Processed 500/4000 files
[2025-05-13 12:07:17.218244] Processed 600/4000 files
[2025-05-13 12:07:17.724166] Processed 700/4000 files
[2025-05-13 12:07:18.232885] Processed 800/4000 files
[2025-05-13 12:07:18.737171] Processed 900/4000 files
[2025-05-13 12:07:19.232429] Processed 1000/4000 files
[2025-05-13 12:07:19.724853] Processed 1100/4000 files
[2025-05-13 12:07:20.230177] Processed 1200/4000 files
[2025-05-13 12:07:20.721628] Processed 1300/4000 files
[2025-05-13 12:07:21.212813] Processed 1400/4000 files
[2025-05-13 12:07:21.703737] Processed 1500/4000 files
[2025-05-13 12:07:22.195955] Processed 1600/4000 files
[2025-05-13 12:07:22.689259] Processed 1700/4000 files
[2025-05-13 12:07:23.195537] Processed 1800/4000 files
[2025-05-13 12:07:23.690356] Processed 1900/4000 files
[2025-05-13 12:07:24.189297] Processed 2000/4000 files
[2025-05-13 12:07:24.682385] Processed 2100/4000 files
[2025-05-13 12:07:25.179101] Processed 2200/4000 files
[2025-05-13 12:07:25.690313] Processed 2300/4000 files
[2025-05-13 12:07:26.180746] Processed 2400/4000 files
[2025-05-13 12:07:26.698790] Processed 2500/4000 files
[2025-05-13 12:07:27.185180] Processed 2600/4000 files
[2025-05-13 12:07:27.854227] Processed 2700/4000 files
[2025-05-13 12:07:28.366606] Processed 2800/4000 files
[2025-05-13 12:07:28.875415] Processed 2900/4000 files
[2025-05-13 12:07:29.369110] Processed 3000/4000 files
[2025-05-13 12:07:29.866325] Processed 3100/4000 files
[2025-05-13 12:07:30.351405] Processed 3200/4000 files
[2025-05-13 12:07:30.844051] Processed 3300/4000 files
[2025-05-13 12:07:31.330278] Processed 3400/4000 files
[2025-05-13 12:07:31.816161] Processed 3500/4000 files
[2025-05-13 12:07:32.305596] Processed 3600/4000 files
[2025-05-13 12:07:32.793898] Processed 3700/4000 files
[2025-05-13 12:07:33.278448] Processed 3800/4000 files
[2025-05-13 12:07:33.768228] Processed 3900/4000 files
[2025-05-13 12:07:34.254303] Extracting features from 500 files...
[2025-05-13 12:07:34.256297] Processed 0/500 files
[2025-05-13 12:07:34.759023] Processed 100/500 files
[2025-05-13 12:07:35.271986] Processed 200/500 files
[2025-05-13 12:07:35.788042] Processed 300/500 files
[2025-05-13 12:07:36.295794] Processed 400/500 files
[2025-05-13 12:07:36.778382] Using 4 workers for data loading
[2025-05-13 12:07:40.575875] Starting training
[2025-05-13 12:07:40.697824] Epoch 1, batch 0/125
[2025-05-13 12:07:40.865147] Epoch 1, batch 10/125
[2025-05-13 12:07:40.914175] Epoch 1, batch 20/125
[2025-05-13 12:07:40.962915] Epoch 1, batch 30/125
[2025-05-13 12:07:41.008176] Epoch 1, batch 40/125
[2025-05-13 12:07:41.056548] Epoch 1, batch 50/125
[2025-05-13 12:07:41.100560] Epoch 1, batch 60/125
[2025-05-13 12:07:41.166892] Epoch 1, batch 70/125
[2025-05-13 12:07:41.218243] Epoch 1, batch 80/125
[2025-05-13 12:07:41.275125] Epoch 1, batch 90/125
[2025-05-13 12:07:41.322069] Epoch 1, batch 100/125
[2025-05-13 12:07:41.368554] Epoch 1, batch 110/125
[2025-05-13 12:07:41.414371] Epoch 1, batch 120/125
[2025-05-13 12:07:41.863371] Epoch 1 - Loss: 1.6962 - Val Acc: 0.7520
[2025-05-13 12:07:41.900283] Checkpoint saved after epoch 1
[2025-05-13 12:07:41.964874] Epoch 2, batch 0/125
[2025-05-13 12:07:42.095536] Epoch 2, batch 10/125
[2025-05-13 12:07:42.155652] Epoch 2, batch 20/125
[2025-05-13 12:07:42.209290] Epoch 2, batch 30/125
[2025-05-13 12:07:42.265931] Epoch 2, batch 40/125
[2025-05-13 12:07:42.316453] Epoch 2, batch 50/125
[2025-05-13 12:07:42.370906] Epoch 2, batch 60/125
[2025-05-13 12:07:42.425553] Epoch 2, batch 70/125
[2025-05-13 12:07:42.493249] Epoch 2, batch 80/125
[2025-05-13 12:07:42.546613] Epoch 2, batch 90/125
[2025-05-13 12:07:42.606894] Epoch 2, batch 100/125
[2025-05-13 12:07:42.671871] Epoch 2, batch 110/125
[2025-05-13 12:07:42.722677] Epoch 2, batch 120/125
[2025-05-13 12:07:42.964331] Epoch 2 - Loss: 0.5228 - Val Acc: 0.8560
[2025-05-13 12:07:42.967648] Checkpoint saved after epoch 2
[2025-05-13 12:07:43.064517] Epoch 3, batch 0/125
[2025-05-13 12:07:43.372330] Epoch 3, batch 10/125
[2025-05-13 12:07:43.534303] Epoch 3, batch 20/125
[2025-05-13 12:07:43.652409] Epoch 3, batch 30/125
[2025-05-13 12:07:43.853833] Epoch 3, batch 40/125
[2025-05-13 12:07:44.151442] Epoch 3, batch 50/125
[2025-05-13 12:07:44.282527] Epoch 3, batch 60/125
[2025-05-13 12:07:44.479877] Epoch 3, batch 70/125
[2025-05-13 12:07:44.595162] Epoch 3, batch 80/125
[2025-05-13 12:07:44.661678] Epoch 3, batch 90/125
[2025-05-13 12:07:44.711707] Epoch 3, batch 100/125
[2025-05-13 12:07:44.763988] Epoch 3, batch 110/125
[2025-05-13 12:07:44.978488] Epoch 3, batch 120/125
[2025-05-13 12:07:45.228229] Epoch 3 - Loss: 0.3363 - Val Acc: 0.8780
[2025-05-13 12:07:47.088548] Checkpoint saved after epoch 3
[2025-05-13 12:07:47.163083] Epoch 4, batch 0/125
[2025-05-13 12:07:47.530855] Epoch 4, batch 10/125
[2025-05-13 12:07:47.619281] Epoch 4, batch 20/125
[2025-05-13 12:07:47.668836] Epoch 4, batch 30/125
[2025-05-13 12:07:47.719736] Epoch 4, batch 40/125
[2025-05-13 12:07:47.774424] Epoch 4, batch 50/125
[2025-05-13 12:07:47.830656] Epoch 4, batch 60/125
[2025-05-13 12:07:47.883005] Epoch 4, batch 70/125
[2025-05-13 12:07:47.932959] Epoch 4, batch 80/125
[2025-05-13 12:07:47.986293] Epoch 4, batch 90/125
[2025-05-13 12:07:48.043585] Epoch 4, batch 100/125
[2025-05-13 12:07:48.095814] Epoch 4, batch 110/125
[2025-05-13 12:07:48.147548] Epoch 4, batch 120/125
[2025-05-13 12:07:48.377851] Epoch 4 - Loss: 0.2407 - Val Acc: 0.8820
[2025-05-13 12:07:48.381046] Checkpoint saved after epoch 4
[2025-05-13 12:07:48.468101] Epoch 5, batch 0/125
[2025-05-13 12:07:48.805397] Epoch 5, batch 10/125
[2025-05-13 12:07:48.869576] Epoch 5, batch 20/125
[2025-05-13 12:07:49.056327] Epoch 5, batch 30/125
[2025-05-13 12:07:49.272323] Epoch 5, batch 40/125
[2025-05-13 12:07:49.352310] Epoch 5, batch 50/125
[2025-05-13 12:07:49.403307] Epoch 5, batch 60/125
[2025-05-13 12:07:49.457418] Epoch 5, batch 70/125
[2025-05-13 12:07:49.510550] Epoch 5, batch 80/125
[2025-05-13 12:07:49.559348] Epoch 5, batch 90/125
[2025-05-13 12:07:49.614613] Epoch 5, batch 100/125
[2025-05-13 12:07:49.887258] Epoch 5, batch 110/125
[2025-05-13 12:07:49.934160] Epoch 5, batch 120/125
[2025-05-13 12:07:50.210377] Epoch 5 - Loss: 0.1916 - Val Acc: 0.9040
[2025-05-13 12:07:50.213706] Checkpoint saved after epoch 5
[2025-05-13 12:07:50.258760] Epoch 6, batch 0/125
[2025-05-13 12:07:50.399271] Epoch 6, batch 10/125
[2025-05-13 12:07:50.448172] Epoch 6, batch 20/125
[2025-05-13 12:07:50.517916] Epoch 6, batch 30/125
[2025-05-13 12:07:50.566561] Epoch 6, batch 40/125
[2025-05-13 12:07:50.621294] Epoch 6, batch 50/125
[2025-05-13 12:07:50.675115] Epoch 6, batch 60/125
[2025-05-13 12:07:50.730177] Epoch 6, batch 70/125
[2025-05-13 12:07:50.917499] Epoch 6, batch 80/125
[2025-05-13 12:07:50.969527] Epoch 6, batch 90/125
[2025-05-13 12:07:51.019676] Epoch 6, batch 100/125
[2025-05-13 12:07:51.215113] Epoch 6, batch 110/125
[2025-05-13 12:07:51.267108] Epoch 6, batch 120/125
[2025-05-13 12:07:51.554568] Epoch 6 - Loss: 0.1385 - Val Acc: 0.8940
[2025-05-13 12:07:51.557925] Checkpoint saved after epoch 6
[2025-05-13 12:07:51.665691] Epoch 7, batch 0/125
[2025-05-13 12:07:52.086070] Epoch 7, batch 10/125
[2025-05-13 12:07:52.249188] Epoch 7, batch 20/125
[2025-05-13 12:07:52.304075] Epoch 7, batch 30/125
[2025-05-13 12:07:52.362438] Epoch 7, batch 40/125
[2025-05-13 12:07:52.416739] Epoch 7, batch 50/125
[2025-05-13 12:07:52.473742] Epoch 7, batch 60/125
[2025-05-13 12:07:52.532129] Epoch 7, batch 70/125
[2025-05-13 12:07:52.589331] Epoch 7, batch 80/125
[2025-05-13 12:07:52.645897] Epoch 7, batch 90/125
[2025-05-13 12:07:52.703976] Epoch 7, batch 100/125
[2025-05-13 12:07:52.760994] Epoch 7, batch 110/125
[2025-05-13 12:07:52.818970] Epoch 7, batch 120/125
[2025-05-13 12:07:53.040645] Epoch 7 - Loss: 0.1132 - Val Acc: 0.9160
[2025-05-13 12:07:53.044202] Checkpoint saved after epoch 7
[2025-05-13 12:07:53.140938] Epoch 8, batch 0/125
[2025-05-13 12:07:53.295778] Epoch 8, batch 10/125
[2025-05-13 12:07:53.523390] Epoch 8, batch 20/125
[2025-05-13 12:07:53.576270] Epoch 8, batch 30/125
[2025-05-13 12:07:53.627587] Epoch 8, batch 40/125
[2025-05-13 12:07:53.683902] Epoch 8, batch 50/125
[2025-05-13 12:07:53.740792] Epoch 8, batch 60/125
[2025-05-13 12:07:53.807641] Epoch 8, batch 70/125
[2025-05-13 12:07:53.858467] Epoch 8, batch 80/125
[2025-05-13 12:07:53.949628] Epoch 8, batch 90/125
[2025-05-13 12:07:54.093944] Epoch 8, batch 100/125
[2025-05-13 12:07:54.416820] Epoch 8, batch 110/125
[2025-05-13 12:07:54.737923] Epoch 8, batch 120/125
[2025-05-13 12:07:55.098197] Epoch 8 - Loss: 0.0925 - Val Acc: 0.8940
[2025-05-13 12:07:55.101639] Checkpoint saved after epoch 8
[2025-05-13 12:07:55.198006] Epoch 9, batch 0/125
[2025-05-13 12:07:55.300589] Epoch 9, batch 10/125
[2025-05-13 12:07:55.368870] Epoch 9, batch 20/125
[2025-05-13 12:07:55.590342] Epoch 9, batch 30/125
[2025-05-13 12:07:55.642755] Epoch 9, batch 40/125
[2025-05-13 12:07:55.741176] Epoch 9, batch 50/125
[2025-05-13 12:07:55.830277] Epoch 9, batch 60/125
[2025-05-13 12:07:55.884723] Epoch 9, batch 70/125
[2025-05-13 12:07:55.942970] Epoch 9, batch 80/125
[2025-05-13 12:07:55.996270] Epoch 9, batch 90/125
[2025-05-13 12:07:56.052347] Epoch 9, batch 100/125
[2025-05-13 12:07:56.109552] Epoch 9, batch 110/125
[2025-05-13 12:07:56.204720] Epoch 9, batch 120/125
[2025-05-13 12:07:56.444566] Epoch 9 - Loss: 0.0761 - Val Acc: 0.9180
[2025-05-13 12:07:56.448098] Checkpoint saved after epoch 9
[2025-05-13 12:07:56.536905] Epoch 10, batch 0/125
[2025-05-13 12:07:56.674441] Epoch 10, batch 10/125
[2025-05-13 12:07:56.765276] Epoch 10, batch 20/125
[2025-05-13 12:07:56.828683] Epoch 10, batch 30/125
[2025-05-13 12:07:56.896892] Epoch 10, batch 40/125
[2025-05-13 12:07:56.955803] Epoch 10, batch 50/125
[2025-05-13 12:07:57.015780] Epoch 10, batch 60/125
[2025-05-13 12:07:57.065861] Epoch 10, batch 70/125
[2025-05-13 12:07:57.331493] Epoch 10, batch 80/125
[2025-05-13 12:07:57.583964] Epoch 10, batch 90/125
[2025-05-13 12:07:57.634342] Epoch 10, batch 100/125
[2025-05-13 12:07:57.701029] Epoch 10, batch 110/125
[2025-05-13 12:07:57.789767] Epoch 10, batch 120/125
[2025-05-13 12:07:58.029527] Epoch 10 - Loss: 0.1141 - Val Acc: 0.8580
[2025-05-13 12:07:58.032836] Checkpoint saved after epoch 10
[2025-05-13 12:07:58.784787] Training complete, model and plots saved.
[2025-05-13 12:07:58.786365] Class mapping: {0: 'five', 1: 'four', 2: 'one', 3: 'three', 4: 'two'}
[2025-05-13 12:07:58.837663] Classification Report:
              precision    recall  f1-score   support

        five       0.81      0.86      0.83       100
        four       0.93      0.79      0.85       100
         one       0.82      0.99      0.90       100
       three       0.94      0.75      0.83       100
         two       0.83      0.90      0.86       100

    accuracy                           0.86       500
   macro avg       0.87      0.86      0.86       500
weighted avg       0.87      0.86      0.86       500

